<?xml version="1.0" encoding="UTF-8"?>
<!-- Generated by org.testng.reporters.JUnitReportReporter -->
<testsuite skipped="0" hostname="DESKTOP-SHJRQ9O" name="com.san.Test.AppiumTest" tests="1" failures="0" timestamp="16 Jul 2018 15:57:33 GMT" time="0.017" errors="0">
  <testcase name="openMobileBrowser" time="0.017" classname="com.san.Test.AppiumTest"/>
</testsuite> <!-- com.san.Test.AppiumTest -->
